2014-04-06 09:47:09 Notice: Notice (8): Undefined offset: 1 in [/canvases/cci3c1v/data/axc/app/Controller/UsersController.php, line 121]
Trace:
UsersController::forwarder() - APP/Controller/UsersController.php, line 121
ReflectionMethod::invokeArgs() - [internal], line ??
Controller::invokeAction() - CORE/Cake/Controller/Controller.php, line 490
Dispatcher::_invoke() - CORE/Cake/Routing/Dispatcher.php, line 185
Dispatcher::dispatch() - CORE/Cake/Routing/Dispatcher.php, line 160
[main] - APP/webroot/index.php, line 108

2014-04-06 09:47:09 Notice: Notice (8): Undefined index: Department in [/canvases/cci3c1v/data/axc/app/Controller/UsersController.php, line 124]
Trace:
UsersController::forwarder() - APP/Controller/UsersController.php, line 124
ReflectionMethod::invokeArgs() - [internal], line ??
Controller::invokeAction() - CORE/Cake/Controller/Controller.php, line 490
Dispatcher::_invoke() - CORE/Cake/Routing/Dispatcher.php, line 185
Dispatcher::dispatch() - CORE/Cake/Routing/Dispatcher.php, line 160
[main] - APP/webroot/index.php, line 108

2014-04-06 09:47:09 Notice: Notice (8): Undefined index: Employee in [/canvases/cci3c1v/data/axc/app/Controller/UsersController.php, line 125]
Trace:
UsersController::forwarder() - APP/Controller/UsersController.php, line 125
ReflectionMethod::invokeArgs() - [internal], line ??
Controller::invokeAction() - CORE/Cake/Controller/Controller.php, line 490
Dispatcher::_invoke() - CORE/Cake/Routing/Dispatcher.php, line 185
Dispatcher::dispatch() - CORE/Cake/Routing/Dispatcher.php, line 160
[main] - APP/webroot/index.php, line 108

2014-04-06 10:00:57 Notice: Notice (8): Undefined offset: 1 in [/canvases/cci3c1v/data/axc/app/Controller/UsersController.php, line 122]
Trace:
UsersController::forwarder() - APP/Controller/UsersController.php, line 122
ReflectionMethod::invokeArgs() - [internal], line ??
Controller::invokeAction() - CORE/Cake/Controller/Controller.php, line 490
Dispatcher::_invoke() - CORE/Cake/Routing/Dispatcher.php, line 185
Dispatcher::dispatch() - CORE/Cake/Routing/Dispatcher.php, line 160
[main] - APP/webroot/index.php, line 108

2014-04-06 10:00:57 Notice: Notice (8): Undefined index: Department in [/canvases/cci3c1v/data/axc/app/Controller/UsersController.php, line 125]
Trace:
UsersController::forwarder() - APP/Controller/UsersController.php, line 125
ReflectionMethod::invokeArgs() - [internal], line ??
Controller::invokeAction() - CORE/Cake/Controller/Controller.php, line 490
Dispatcher::_invoke() - CORE/Cake/Routing/Dispatcher.php, line 185
Dispatcher::dispatch() - CORE/Cake/Routing/Dispatcher.php, line 160
[main] - APP/webroot/index.php, line 108

2014-04-06 10:00:57 Notice: Notice (8): Undefined index: Employee in [/canvases/cci3c1v/data/axc/app/Controller/UsersController.php, line 126]
Trace:
UsersController::forwarder() - APP/Controller/UsersController.php, line 126
ReflectionMethod::invokeArgs() - [internal], line ??
Controller::invokeAction() - CORE/Cake/Controller/Controller.php, line 490
Dispatcher::_invoke() - CORE/Cake/Routing/Dispatcher.php, line 185
Dispatcher::dispatch() - CORE/Cake/Routing/Dispatcher.php, line 160
[main] - APP/webroot/index.php, line 108

2014-04-06 10:02:48 Notice: Notice (8): Undefined offset: 1 in [/canvases/cci3c1v/data/axc/app/Controller/UsersController.php, line 122]
Trace:
UsersController::forwarder() - APP/Controller/UsersController.php, line 122
ReflectionMethod::invokeArgs() - [internal], line ??
Controller::invokeAction() - CORE/Cake/Controller/Controller.php, line 490
Dispatcher::_invoke() - CORE/Cake/Routing/Dispatcher.php, line 185
Dispatcher::dispatch() - CORE/Cake/Routing/Dispatcher.php, line 160
[main] - APP/webroot/index.php, line 108

2014-04-06 10:02:48 Notice: Notice (8): Undefined index: Department in [/canvases/cci3c1v/data/axc/app/Controller/UsersController.php, line 125]
Trace:
UsersController::forwarder() - APP/Controller/UsersController.php, line 125
ReflectionMethod::invokeArgs() - [internal], line ??
Controller::invokeAction() - CORE/Cake/Controller/Controller.php, line 490
Dispatcher::_invoke() - CORE/Cake/Routing/Dispatcher.php, line 185
Dispatcher::dispatch() - CORE/Cake/Routing/Dispatcher.php, line 160
[main] - APP/webroot/index.php, line 108

2014-04-06 10:02:48 Notice: Notice (8): Undefined index: Employee in [/canvases/cci3c1v/data/axc/app/Controller/UsersController.php, line 126]
Trace:
UsersController::forwarder() - APP/Controller/UsersController.php, line 126
ReflectionMethod::invokeArgs() - [internal], line ??
Controller::invokeAction() - CORE/Cake/Controller/Controller.php, line 490
Dispatcher::_invoke() - CORE/Cake/Routing/Dispatcher.php, line 185
Dispatcher::dispatch() - CORE/Cake/Routing/Dispatcher.php, line 160
[main] - APP/webroot/index.php, line 108

2014-04-06 10:04:15 Notice: Notice (8): Undefined index: RecordingUrl in [/canvases/cci3c1v/data/axc/app/Controller/UsersController.php, line 109]
Trace:
UsersController::forwarder() - APP/Controller/UsersController.php, line 109
ReflectionMethod::invokeArgs() - [internal], line ??
Controller::invokeAction() - CORE/Cake/Controller/Controller.php, line 490
Dispatcher::_invoke() - CORE/Cake/Routing/Dispatcher.php, line 185
Dispatcher::dispatch() - CORE/Cake/Routing/Dispatcher.php, line 160
[main] - APP/webroot/index.php, line 108

2014-04-06 10:04:15 Notice: Notice (8): Undefined offset: 1 in [/canvases/cci3c1v/data/axc/app/Controller/UsersController.php, line 123]
Trace:
UsersController::forwarder() - APP/Controller/UsersController.php, line 123
ReflectionMethod::invokeArgs() - [internal], line ??
Controller::invokeAction() - CORE/Cake/Controller/Controller.php, line 490
Dispatcher::_invoke() - CORE/Cake/Routing/Dispatcher.php, line 185
Dispatcher::dispatch() - CORE/Cake/Routing/Dispatcher.php, line 160
[main] - APP/webroot/index.php, line 108

2014-04-06 10:04:15 Notice: Notice (8): Undefined index: Department in [/canvases/cci3c1v/data/axc/app/Controller/UsersController.php, line 126]
Trace:
UsersController::forwarder() - APP/Controller/UsersController.php, line 126
ReflectionMethod::invokeArgs() - [internal], line ??
Controller::invokeAction() - CORE/Cake/Controller/Controller.php, line 490
Dispatcher::_invoke() - CORE/Cake/Routing/Dispatcher.php, line 185
Dispatcher::dispatch() - CORE/Cake/Routing/Dispatcher.php, line 160
[main] - APP/webroot/index.php, line 108

2014-04-06 10:04:15 Notice: Notice (8): Undefined index: Employee in [/canvases/cci3c1v/data/axc/app/Controller/UsersController.php, line 127]
Trace:
UsersController::forwarder() - APP/Controller/UsersController.php, line 127
ReflectionMethod::invokeArgs() - [internal], line ??
Controller::invokeAction() - CORE/Cake/Controller/Controller.php, line 490
Dispatcher::_invoke() - CORE/Cake/Routing/Dispatcher.php, line 185
Dispatcher::dispatch() - CORE/Cake/Routing/Dispatcher.php, line 160
[main] - APP/webroot/index.php, line 108

2014-04-06 10:05:39 Notice: Notice (8): Undefined index: RecordingUrl in [/canvases/cci3c1v/data/axc/app/Controller/UsersController.php, line 109]
Trace:
UsersController::forwarder() - APP/Controller/UsersController.php, line 109
ReflectionMethod::invokeArgs() - [internal], line ??
Controller::invokeAction() - CORE/Cake/Controller/Controller.php, line 490
Dispatcher::_invoke() - CORE/Cake/Routing/Dispatcher.php, line 185
Dispatcher::dispatch() - CORE/Cake/Routing/Dispatcher.php, line 160
[main] - APP/webroot/index.php, line 108

2014-04-06 10:05:39 Notice: Notice (8): Undefined offset: 1 in [/canvases/cci3c1v/data/axc/app/Controller/UsersController.php, line 123]
Trace:
UsersController::forwarder() - APP/Controller/UsersController.php, line 123
ReflectionMethod::invokeArgs() - [internal], line ??
Controller::invokeAction() - CORE/Cake/Controller/Controller.php, line 490
Dispatcher::_invoke() - CORE/Cake/Routing/Dispatcher.php, line 185
Dispatcher::dispatch() - CORE/Cake/Routing/Dispatcher.php, line 160
[main] - APP/webroot/index.php, line 108

2014-04-06 10:05:39 Notice: Notice (8): Undefined index: Department in [/canvases/cci3c1v/data/axc/app/Controller/UsersController.php, line 126]
Trace:
UsersController::forwarder() - APP/Controller/UsersController.php, line 126
ReflectionMethod::invokeArgs() - [internal], line ??
Controller::invokeAction() - CORE/Cake/Controller/Controller.php, line 490
Dispatcher::_invoke() - CORE/Cake/Routing/Dispatcher.php, line 185
Dispatcher::dispatch() - CORE/Cake/Routing/Dispatcher.php, line 160
[main] - APP/webroot/index.php, line 108

2014-04-06 10:05:39 Notice: Notice (8): Undefined index: Employee in [/canvases/cci3c1v/data/axc/app/Controller/UsersController.php, line 127]
Trace:
UsersController::forwarder() - APP/Controller/UsersController.php, line 127
ReflectionMethod::invokeArgs() - [internal], line ??
Controller::invokeAction() - CORE/Cake/Controller/Controller.php, line 490
Dispatcher::_invoke() - CORE/Cake/Routing/Dispatcher.php, line 185
Dispatcher::dispatch() - CORE/Cake/Routing/Dispatcher.php, line 160
[main] - APP/webroot/index.php, line 108

2014-04-06 10:09:43 Notice: Notice (8): Undefined index: RecordingUrl in [/canvases/cci3c1v/data/axc/app/Controller/UsersController.php, line 109]
Trace:
UsersController::forwarder() - APP/Controller/UsersController.php, line 109
ReflectionMethod::invokeArgs() - [internal], line ??
Controller::invokeAction() - CORE/Cake/Controller/Controller.php, line 490
Dispatcher::_invoke() - CORE/Cake/Routing/Dispatcher.php, line 185
Dispatcher::dispatch() - CORE/Cake/Routing/Dispatcher.php, line 160
[main] - APP/webroot/index.php, line 108

2014-04-06 10:09:43 Notice: Notice (8): Undefined offset: 1 in [/canvases/cci3c1v/data/axc/app/Controller/UsersController.php, line 123]
Trace:
UsersController::forwarder() - APP/Controller/UsersController.php, line 123
ReflectionMethod::invokeArgs() - [internal], line ??
Controller::invokeAction() - CORE/Cake/Controller/Controller.php, line 490
Dispatcher::_invoke() - CORE/Cake/Routing/Dispatcher.php, line 185
Dispatcher::dispatch() - CORE/Cake/Routing/Dispatcher.php, line 160
[main] - APP/webroot/index.php, line 108

2014-04-06 10:09:43 Notice: Notice (8): Undefined index: Department in [/canvases/cci3c1v/data/axc/app/Controller/UsersController.php, line 126]
Trace:
UsersController::forwarder() - APP/Controller/UsersController.php, line 126
ReflectionMethod::invokeArgs() - [internal], line ??
Controller::invokeAction() - CORE/Cake/Controller/Controller.php, line 490
Dispatcher::_invoke() - CORE/Cake/Routing/Dispatcher.php, line 185
Dispatcher::dispatch() - CORE/Cake/Routing/Dispatcher.php, line 160
[main] - APP/webroot/index.php, line 108

2014-04-06 10:09:43 Notice: Notice (8): Undefined index: Employee in [/canvases/cci3c1v/data/axc/app/Controller/UsersController.php, line 127]
Trace:
UsersController::forwarder() - APP/Controller/UsersController.php, line 127
ReflectionMethod::invokeArgs() - [internal], line ??
Controller::invokeAction() - CORE/Cake/Controller/Controller.php, line 490
Dispatcher::_invoke() - CORE/Cake/Routing/Dispatcher.php, line 185
Dispatcher::dispatch() - CORE/Cake/Routing/Dispatcher.php, line 160
[main] - APP/webroot/index.php, line 108

2014-04-06 10:13:24 Notice: Notice (8): Undefined index: RecordingUrl in [/canvases/cci3c1v/data/axc/app/Controller/UsersController.php, line 109]
Trace:
UsersController::forwarder() - APP/Controller/UsersController.php, line 109
ReflectionMethod::invokeArgs() - [internal], line ??
Controller::invokeAction() - CORE/Cake/Controller/Controller.php, line 490
Dispatcher::_invoke() - CORE/Cake/Routing/Dispatcher.php, line 185
Dispatcher::dispatch() - CORE/Cake/Routing/Dispatcher.php, line 160
[main] - APP/webroot/index.php, line 108

2014-04-06 10:13:24 Notice: Notice (8): Undefined index: Department in [/canvases/cci3c1v/data/axc/app/Controller/UsersController.php, line 124]
Trace:
UsersController::forwarder() - APP/Controller/UsersController.php, line 124
ReflectionMethod::invokeArgs() - [internal], line ??
Controller::invokeAction() - CORE/Cake/Controller/Controller.php, line 490
Dispatcher::_invoke() - CORE/Cake/Routing/Dispatcher.php, line 185
Dispatcher::dispatch() - CORE/Cake/Routing/Dispatcher.php, line 160
[main] - APP/webroot/index.php, line 108

2014-04-06 10:13:24 Notice: Notice (8): Undefined offset: 1 in [/canvases/cci3c1v/data/axc/app/Controller/UsersController.php, line 126]
Trace:
UsersController::forwarder() - APP/Controller/UsersController.php, line 126
ReflectionMethod::invokeArgs() - [internal], line ??
Controller::invokeAction() - CORE/Cake/Controller/Controller.php, line 490
Dispatcher::_invoke() - CORE/Cake/Routing/Dispatcher.php, line 185
Dispatcher::dispatch() - CORE/Cake/Routing/Dispatcher.php, line 160
[main] - APP/webroot/index.php, line 108

2014-04-06 10:13:24 Notice: Notice (8): Undefined index: Employee in [/canvases/cci3c1v/data/axc/app/Controller/UsersController.php, line 128]
Trace:
UsersController::forwarder() - APP/Controller/UsersController.php, line 128
ReflectionMethod::invokeArgs() - [internal], line ??
Controller::invokeAction() - CORE/Cake/Controller/Controller.php, line 490
Dispatcher::_invoke() - CORE/Cake/Routing/Dispatcher.php, line 185
Dispatcher::dispatch() - CORE/Cake/Routing/Dispatcher.php, line 160
[main] - APP/webroot/index.php, line 108

2014-04-06 10:14:50 Notice: Notice (8): Undefined index: RecordingUrl in [/canvases/cci3c1v/data/axc/app/Controller/UsersController.php, line 109]
Trace:
UsersController::forwarder() - APP/Controller/UsersController.php, line 109
ReflectionMethod::invokeArgs() - [internal], line ??
Controller::invokeAction() - CORE/Cake/Controller/Controller.php, line 490
Dispatcher::_invoke() - CORE/Cake/Routing/Dispatcher.php, line 185
Dispatcher::dispatch() - CORE/Cake/Routing/Dispatcher.php, line 160
[main] - APP/webroot/index.php, line 108

2014-04-06 10:14:50 Notice: Notice (8): Undefined index: Department in [/canvases/cci3c1v/data/axc/app/Controller/UsersController.php, line 124]
Trace:
UsersController::forwarder() - APP/Controller/UsersController.php, line 124
ReflectionMethod::invokeArgs() - [internal], line ??
Controller::invokeAction() - CORE/Cake/Controller/Controller.php, line 490
Dispatcher::_invoke() - CORE/Cake/Routing/Dispatcher.php, line 185
Dispatcher::dispatch() - CORE/Cake/Routing/Dispatcher.php, line 160
[main] - APP/webroot/index.php, line 108

2014-04-06 10:14:50 Notice: Notice (8): Undefined offset: 1 in [/canvases/cci3c1v/data/axc/app/Controller/UsersController.php, line 126]
Trace:
UsersController::forwarder() - APP/Controller/UsersController.php, line 126
ReflectionMethod::invokeArgs() - [internal], line ??
Controller::invokeAction() - CORE/Cake/Controller/Controller.php, line 490
Dispatcher::_invoke() - CORE/Cake/Routing/Dispatcher.php, line 185
Dispatcher::dispatch() - CORE/Cake/Routing/Dispatcher.php, line 160
[main] - APP/webroot/index.php, line 108

2014-04-06 10:14:50 Notice: Notice (8): Undefined index: Employee in [/canvases/cci3c1v/data/axc/app/Controller/UsersController.php, line 128]
Trace:
UsersController::forwarder() - APP/Controller/UsersController.php, line 128
ReflectionMethod::invokeArgs() - [internal], line ??
Controller::invokeAction() - CORE/Cake/Controller/Controller.php, line 490
Dispatcher::_invoke() - CORE/Cake/Routing/Dispatcher.php, line 185
Dispatcher::dispatch() - CORE/Cake/Routing/Dispatcher.php, line 160
[main] - APP/webroot/index.php, line 108

2014-04-06 10:22:41 Notice: Notice (8): Undefined index: RecordingUrl in [/canvases/cci3c1v/data/axc/app/Controller/UsersController.php, line 109]
Trace:
UsersController::forwarder() - APP/Controller/UsersController.php, line 109
ReflectionMethod::invokeArgs() - [internal], line ??
Controller::invokeAction() - CORE/Cake/Controller/Controller.php, line 490
Dispatcher::_invoke() - CORE/Cake/Routing/Dispatcher.php, line 185
Dispatcher::dispatch() - CORE/Cake/Routing/Dispatcher.php, line 160
[main] - APP/webroot/index.php, line 108

2014-04-06 10:22:41 Notice: Notice (8): Undefined index: Department in [/canvases/cci3c1v/data/axc/app/Controller/UsersController.php, line 124]
Trace:
UsersController::forwarder() - APP/Controller/UsersController.php, line 124
ReflectionMethod::invokeArgs() - [internal], line ??
Controller::invokeAction() - CORE/Cake/Controller/Controller.php, line 490
Dispatcher::_invoke() - CORE/Cake/Routing/Dispatcher.php, line 185
Dispatcher::dispatch() - CORE/Cake/Routing/Dispatcher.php, line 160
[main] - APP/webroot/index.php, line 108

2014-04-06 10:22:41 Notice: Notice (8): Undefined offset: 1 in [/canvases/cci3c1v/data/axc/app/Controller/UsersController.php, line 126]
Trace:
UsersController::forwarder() - APP/Controller/UsersController.php, line 126
ReflectionMethod::invokeArgs() - [internal], line ??
Controller::invokeAction() - CORE/Cake/Controller/Controller.php, line 490
Dispatcher::_invoke() - CORE/Cake/Routing/Dispatcher.php, line 185
Dispatcher::dispatch() - CORE/Cake/Routing/Dispatcher.php, line 160
[main] - APP/webroot/index.php, line 108

2014-04-06 10:22:41 Notice: Notice (8): Undefined index: Employee in [/canvases/cci3c1v/data/axc/app/Controller/UsersController.php, line 128]
Trace:
UsersController::forwarder() - APP/Controller/UsersController.php, line 128
ReflectionMethod::invokeArgs() - [internal], line ??
Controller::invokeAction() - CORE/Cake/Controller/Controller.php, line 490
Dispatcher::_invoke() - CORE/Cake/Routing/Dispatcher.php, line 185
Dispatcher::dispatch() - CORE/Cake/Routing/Dispatcher.php, line 160
[main] - APP/webroot/index.php, line 108

2014-04-06 10:22:58 Notice: Notice (8): Undefined index: RecordingUrl in [/canvases/cci3c1v/data/axc/app/Controller/UsersController.php, line 109]
Trace:
UsersController::forwarder() - APP/Controller/UsersController.php, line 109
ReflectionMethod::invokeArgs() - [internal], line ??
Controller::invokeAction() - CORE/Cake/Controller/Controller.php, line 490
Dispatcher::_invoke() - CORE/Cake/Routing/Dispatcher.php, line 185
Dispatcher::dispatch() - CORE/Cake/Routing/Dispatcher.php, line 160
[main] - APP/webroot/index.php, line 108

2014-04-06 10:22:58 Notice: Notice (8): Undefined index: Department in [/canvases/cci3c1v/data/axc/app/Controller/UsersController.php, line 124]
Trace:
UsersController::forwarder() - APP/Controller/UsersController.php, line 124
ReflectionMethod::invokeArgs() - [internal], line ??
Controller::invokeAction() - CORE/Cake/Controller/Controller.php, line 490
Dispatcher::_invoke() - CORE/Cake/Routing/Dispatcher.php, line 185
Dispatcher::dispatch() - CORE/Cake/Routing/Dispatcher.php, line 160
[main] - APP/webroot/index.php, line 108

2014-04-06 10:22:58 Notice: Notice (8): Undefined offset: 1 in [/canvases/cci3c1v/data/axc/app/Controller/UsersController.php, line 126]
Trace:
UsersController::forwarder() - APP/Controller/UsersController.php, line 126
ReflectionMethod::invokeArgs() - [internal], line ??
Controller::invokeAction() - CORE/Cake/Controller/Controller.php, line 490
Dispatcher::_invoke() - CORE/Cake/Routing/Dispatcher.php, line 185
Dispatcher::dispatch() - CORE/Cake/Routing/Dispatcher.php, line 160
[main] - APP/webroot/index.php, line 108

2014-04-06 10:22:58 Notice: Notice (8): Undefined index: Employee in [/canvases/cci3c1v/data/axc/app/Controller/UsersController.php, line 128]
Trace:
UsersController::forwarder() - APP/Controller/UsersController.php, line 128
ReflectionMethod::invokeArgs() - [internal], line ??
Controller::invokeAction() - CORE/Cake/Controller/Controller.php, line 490
Dispatcher::_invoke() - CORE/Cake/Routing/Dispatcher.php, line 185
Dispatcher::dispatch() - CORE/Cake/Routing/Dispatcher.php, line 160
[main] - APP/webroot/index.php, line 108

2014-04-06 10:25:17 Notice: Notice (8): Undefined index: RecordingUrl in [/canvases/cci3c1v/data/axc/app/Controller/UsersController.php, line 109]
Trace:
UsersController::forwarder() - APP/Controller/UsersController.php, line 109
ReflectionMethod::invokeArgs() - [internal], line ??
Controller::invokeAction() - CORE/Cake/Controller/Controller.php, line 490
Dispatcher::_invoke() - CORE/Cake/Routing/Dispatcher.php, line 185
Dispatcher::dispatch() - CORE/Cake/Routing/Dispatcher.php, line 160
[main] - APP/webroot/index.php, line 108

2014-04-06 10:25:17 Notice: Notice (8): Undefined index: Employee in [/canvases/cci3c1v/data/axc/app/Controller/UsersController.php, line 123]
Trace:
UsersController::forwarder() - APP/Controller/UsersController.php, line 123
ReflectionMethod::invokeArgs() - [internal], line ??
Controller::invokeAction() - CORE/Cake/Controller/Controller.php, line 490
Dispatcher::_invoke() - CORE/Cake/Routing/Dispatcher.php, line 185
Dispatcher::dispatch() - CORE/Cake/Routing/Dispatcher.php, line 160
[main] - APP/webroot/index.php, line 108

2014-04-06 10:25:17 Notice: Notice (8): Undefined variable: depyomi in [/canvases/cci3c1v/data/axc/app/Controller/UsersController.php, line 137]
Trace:
UsersController::forwarder() - APP/Controller/UsersController.php, line 137
ReflectionMethod::invokeArgs() - [internal], line ??
Controller::invokeAction() - CORE/Cake/Controller/Controller.php, line 490
Dispatcher::_invoke() - CORE/Cake/Routing/Dispatcher.php, line 185
Dispatcher::dispatch() - CORE/Cake/Routing/Dispatcher.php, line 160
[main] - APP/webroot/index.php, line 108

2014-04-06 10:32:25 Notice: Notice (8): Undefined index: RecordingUrl in [/canvases/cci3c1v/data/axc/app/Controller/UsersController.php, line 109]
Trace:
UsersController::forwarder() - APP/Controller/UsersController.php, line 109
ReflectionMethod::invokeArgs() - [internal], line ??
Controller::invokeAction() - CORE/Cake/Controller/Controller.php, line 490
Dispatcher::_invoke() - CORE/Cake/Routing/Dispatcher.php, line 185
Dispatcher::dispatch() - CORE/Cake/Routing/Dispatcher.php, line 160
[main] - APP/webroot/index.php, line 108

2014-04-06 10:32:25 Notice: Notice (8): Undefined variable: depyomi in [/canvases/cci3c1v/data/axc/app/Controller/UsersController.php, line 137]
Trace:
UsersController::forwarder() - APP/Controller/UsersController.php, line 137
ReflectionMethod::invokeArgs() - [internal], line ??
Controller::invokeAction() - CORE/Cake/Controller/Controller.php, line 490
Dispatcher::_invoke() - CORE/Cake/Routing/Dispatcher.php, line 185
Dispatcher::dispatch() - CORE/Cake/Routing/Dispatcher.php, line 160
[main] - APP/webroot/index.php, line 108

2014-04-06 10:36:03 Notice: Notice (8): Undefined variable: options in [/canvases/cci3c1v/data/axc/app/Controller/UsersController.php, line 170]
Trace:
UsersController::test() - APP/Controller/UsersController.php, line 170
ReflectionMethod::invokeArgs() - [internal], line ??
Controller::invokeAction() - CORE/Cake/Controller/Controller.php, line 490
Dispatcher::_invoke() - CORE/Cake/Routing/Dispatcher.php, line 185
Dispatcher::dispatch() - CORE/Cake/Routing/Dispatcher.php, line 160
[main] - APP/webroot/index.php, line 108

2014-04-06 10:38:27 Notice: Notice (8): Undefined index: RecordingUrl in [/canvases/cci3c1v/data/axc/app/Controller/UsersController.php, line 109]
Trace:
UsersController::forwarder() - APP/Controller/UsersController.php, line 109
ReflectionMethod::invokeArgs() - [internal], line ??
Controller::invokeAction() - CORE/Cake/Controller/Controller.php, line 490
Dispatcher::_invoke() - CORE/Cake/Routing/Dispatcher.php, line 185
Dispatcher::dispatch() - CORE/Cake/Routing/Dispatcher.php, line 160
[main] - APP/webroot/index.php, line 108

2014-04-06 10:41:07 Notice: Notice (8): Undefined variable: options in [/canvases/cci3c1v/data/axc/app/Controller/UsersController.php, line 172]
Trace:
UsersController::test() - APP/Controller/UsersController.php, line 172
ReflectionMethod::invokeArgs() - [internal], line ??
Controller::invokeAction() - CORE/Cake/Controller/Controller.php, line 490
Dispatcher::_invoke() - CORE/Cake/Routing/Dispatcher.php, line 185
Dispatcher::dispatch() - CORE/Cake/Routing/Dispatcher.php, line 160
[main] - APP/webroot/index.php, line 108

2014-04-06 10:41:18 Notice: Notice (8): Undefined variable: options in [/canvases/cci3c1v/data/axc/app/Controller/UsersController.php, line 172]
Trace:
UsersController::test() - APP/Controller/UsersController.php, line 172
ReflectionMethod::invokeArgs() - [internal], line ??
Controller::invokeAction() - CORE/Cake/Controller/Controller.php, line 490
Dispatcher::_invoke() - CORE/Cake/Routing/Dispatcher.php, line 185
Dispatcher::dispatch() - CORE/Cake/Routing/Dispatcher.php, line 160
[main] - APP/webroot/index.php, line 108

2014-04-06 10:41:49 Notice: Notice (8): Undefined index: RecordingUrl in [/canvases/cci3c1v/data/axc/app/Controller/UsersController.php, line 109]
Trace:
UsersController::forwarder() - APP/Controller/UsersController.php, line 109
ReflectionMethod::invokeArgs() - [internal], line ??
Controller::invokeAction() - CORE/Cake/Controller/Controller.php, line 490
Dispatcher::_invoke() - CORE/Cake/Routing/Dispatcher.php, line 185
Dispatcher::dispatch() - CORE/Cake/Routing/Dispatcher.php, line 160
[main] - APP/webroot/index.php, line 108

2014-04-06 10:41:58 Notice: Notice (8): Undefined index: CalledVia in [/canvases/cci3c1v/data/axc/app/Controller/UsersController.php, line 97]
Trace:
UsersController::forwarder() - APP/Controller/UsersController.php, line 97
ReflectionMethod::invokeArgs() - [internal], line ??
Controller::invokeAction() - CORE/Cake/Controller/Controller.php, line 490
Dispatcher::_invoke() - CORE/Cake/Routing/Dispatcher.php, line 185
Dispatcher::dispatch() - CORE/Cake/Routing/Dispatcher.php, line 160
[main] - APP/webroot/index.php, line 108

2014-04-06 10:42:12 Notice: Notice (8): Undefined index: CalledVia in [/canvases/cci3c1v/data/axc/app/Controller/UsersController.php, line 97]
Trace:
UsersController::forwarder() - APP/Controller/UsersController.php, line 97
ReflectionMethod::invokeArgs() - [internal], line ??
Controller::invokeAction() - CORE/Cake/Controller/Controller.php, line 490
Dispatcher::_invoke() - CORE/Cake/Routing/Dispatcher.php, line 185
Dispatcher::dispatch() - CORE/Cake/Routing/Dispatcher.php, line 160
[main] - APP/webroot/index.php, line 108

2014-04-06 10:42:12 Notice: Notice (8): Undefined index: Digits in [/canvases/cci3c1v/data/axc/app/Controller/UsersController.php, line 105]
Trace:
UsersController::forwarder() - APP/Controller/UsersController.php, line 105
ReflectionMethod::invokeArgs() - [internal], line ??
Controller::invokeAction() - CORE/Cake/Controller/Controller.php, line 490
Dispatcher::_invoke() - CORE/Cake/Routing/Dispatcher.php, line 185
Dispatcher::dispatch() - CORE/Cake/Routing/Dispatcher.php, line 160
[main] - APP/webroot/index.php, line 108

2014-04-06 10:42:12 Notice: Notice (8): Undefined index: RecordingUrl in [/canvases/cci3c1v/data/axc/app/Controller/UsersController.php, line 109]
Trace:
UsersController::forwarder() - APP/Controller/UsersController.php, line 109
ReflectionMethod::invokeArgs() - [internal], line ??
Controller::invokeAction() - CORE/Cake/Controller/Controller.php, line 490
Dispatcher::_invoke() - CORE/Cake/Routing/Dispatcher.php, line 185
Dispatcher::dispatch() - CORE/Cake/Routing/Dispatcher.php, line 160
[main] - APP/webroot/index.php, line 108

2014-04-06 10:42:12 Notice: Notice (8): Undefined index: User in [/canvases/cci3c1v/data/axc/app/Controller/UsersController.php, line 110]
Trace:
UsersController::forwarder() - APP/Controller/UsersController.php, line 110
ReflectionMethod::invokeArgs() - [internal], line ??
Controller::invokeAction() - CORE/Cake/Controller/Controller.php, line 490
Dispatcher::_invoke() - CORE/Cake/Routing/Dispatcher.php, line 185
Dispatcher::dispatch() - CORE/Cake/Routing/Dispatcher.php, line 160
[main] - APP/webroot/index.php, line 108

2014-04-06 10:42:12 Notice: Notice (8): Undefined index: Department in [/canvases/cci3c1v/data/axc/app/Controller/UsersController.php, line 136]
Trace:
UsersController::forwarder() - APP/Controller/UsersController.php, line 136
ReflectionMethod::invokeArgs() - [internal], line ??
Controller::invokeAction() - CORE/Cake/Controller/Controller.php, line 490
Dispatcher::_invoke() - CORE/Cake/Routing/Dispatcher.php, line 185
Dispatcher::dispatch() - CORE/Cake/Routing/Dispatcher.php, line 160
[main] - APP/webroot/index.php, line 108

2014-04-06 10:42:12 Notice: Notice (8): Undefined offset: 1 in [/canvases/cci3c1v/data/axc/app/Controller/UsersController.php, line 138]
Trace:
UsersController::forwarder() - APP/Controller/UsersController.php, line 138
ReflectionMethod::invokeArgs() - [internal], line ??
Controller::invokeAction() - CORE/Cake/Controller/Controller.php, line 490
Dispatcher::_invoke() - CORE/Cake/Routing/Dispatcher.php, line 185
Dispatcher::dispatch() - CORE/Cake/Routing/Dispatcher.php, line 160
[main] - APP/webroot/index.php, line 108

2014-04-06 10:42:12 Notice: Notice (8): Undefined index: Employee in [/canvases/cci3c1v/data/axc/app/Controller/UsersController.php, line 140]
Trace:
UsersController::forwarder() - APP/Controller/UsersController.php, line 140
ReflectionMethod::invokeArgs() - [internal], line ??
Controller::invokeAction() - CORE/Cake/Controller/Controller.php, line 490
Dispatcher::_invoke() - CORE/Cake/Routing/Dispatcher.php, line 185
Dispatcher::dispatch() - CORE/Cake/Routing/Dispatcher.php, line 160
[main] - APP/webroot/index.php, line 108

2014-04-06 10:42:28 Notice: Notice (8): Undefined index: CalledVia in [/canvases/cci3c1v/data/axc/app/Controller/UsersController.php, line 97]
Trace:
UsersController::forwarder() - APP/Controller/UsersController.php, line 97
ReflectionMethod::invokeArgs() - [internal], line ??
Controller::invokeAction() - CORE/Cake/Controller/Controller.php, line 490
Dispatcher::_invoke() - CORE/Cake/Routing/Dispatcher.php, line 185
Dispatcher::dispatch() - CORE/Cake/Routing/Dispatcher.php, line 160
[main] - APP/webroot/index.php, line 108

2014-04-06 10:42:28 Notice: Notice (8): Undefined index: Digits in [/canvases/cci3c1v/data/axc/app/Controller/UsersController.php, line 105]
Trace:
UsersController::forwarder() - APP/Controller/UsersController.php, line 105
ReflectionMethod::invokeArgs() - [internal], line ??
Controller::invokeAction() - CORE/Cake/Controller/Controller.php, line 490
Dispatcher::_invoke() - CORE/Cake/Routing/Dispatcher.php, line 185
Dispatcher::dispatch() - CORE/Cake/Routing/Dispatcher.php, line 160
[main] - APP/webroot/index.php, line 108

2014-04-06 10:42:28 Notice: Notice (8): Undefined index: RecordingUrl in [/canvases/cci3c1v/data/axc/app/Controller/UsersController.php, line 109]
Trace:
UsersController::forwarder() - APP/Controller/UsersController.php, line 109
ReflectionMethod::invokeArgs() - [internal], line ??
Controller::invokeAction() - CORE/Cake/Controller/Controller.php, line 490
Dispatcher::_invoke() - CORE/Cake/Routing/Dispatcher.php, line 185
Dispatcher::dispatch() - CORE/Cake/Routing/Dispatcher.php, line 160
[main] - APP/webroot/index.php, line 108

2014-04-06 10:42:28 Notice: Notice (8): Undefined index: User in [/canvases/cci3c1v/data/axc/app/Controller/UsersController.php, line 110]
Trace:
UsersController::forwarder() - APP/Controller/UsersController.php, line 110
ReflectionMethod::invokeArgs() - [internal], line ??
Controller::invokeAction() - CORE/Cake/Controller/Controller.php, line 490
Dispatcher::_invoke() - CORE/Cake/Routing/Dispatcher.php, line 185
Dispatcher::dispatch() - CORE/Cake/Routing/Dispatcher.php, line 160
[main] - APP/webroot/index.php, line 108

2014-04-06 10:42:29 Notice: Notice (8): Undefined index: Department in [/canvases/cci3c1v/data/axc/app/Controller/UsersController.php, line 136]
Trace:
UsersController::forwarder() - APP/Controller/UsersController.php, line 136
ReflectionMethod::invokeArgs() - [internal], line ??
Controller::invokeAction() - CORE/Cake/Controller/Controller.php, line 490
Dispatcher::_invoke() - CORE/Cake/Routing/Dispatcher.php, line 185
Dispatcher::dispatch() - CORE/Cake/Routing/Dispatcher.php, line 160
[main] - APP/webroot/index.php, line 108

2014-04-06 10:42:29 Notice: Notice (8): Undefined offset: 1 in [/canvases/cci3c1v/data/axc/app/Controller/UsersController.php, line 138]
Trace:
UsersController::forwarder() - APP/Controller/UsersController.php, line 138
ReflectionMethod::invokeArgs() - [internal], line ??
Controller::invokeAction() - CORE/Cake/Controller/Controller.php, line 490
Dispatcher::_invoke() - CORE/Cake/Routing/Dispatcher.php, line 185
Dispatcher::dispatch() - CORE/Cake/Routing/Dispatcher.php, line 160
[main] - APP/webroot/index.php, line 108

2014-04-06 10:42:29 Notice: Notice (8): Undefined index: Employee in [/canvases/cci3c1v/data/axc/app/Controller/UsersController.php, line 140]
Trace:
UsersController::forwarder() - APP/Controller/UsersController.php, line 140
ReflectionMethod::invokeArgs() - [internal], line ??
Controller::invokeAction() - CORE/Cake/Controller/Controller.php, line 490
Dispatcher::_invoke() - CORE/Cake/Routing/Dispatcher.php, line 185
Dispatcher::dispatch() - CORE/Cake/Routing/Dispatcher.php, line 160
[main] - APP/webroot/index.php, line 108

2014-04-06 10:42:31 Notice: Notice (8): Undefined index: CalledVia in [/canvases/cci3c1v/data/axc/app/Controller/UsersController.php, line 97]
Trace:
UsersController::forwarder() - APP/Controller/UsersController.php, line 97
ReflectionMethod::invokeArgs() - [internal], line ??
Controller::invokeAction() - CORE/Cake/Controller/Controller.php, line 490
Dispatcher::_invoke() - CORE/Cake/Routing/Dispatcher.php, line 185
Dispatcher::dispatch() - CORE/Cake/Routing/Dispatcher.php, line 160
[main] - APP/webroot/index.php, line 108

2014-04-06 10:42:31 Notice: Notice (8): Undefined index: Digits in [/canvases/cci3c1v/data/axc/app/Controller/UsersController.php, line 105]
Trace:
UsersController::forwarder() - APP/Controller/UsersController.php, line 105
ReflectionMethod::invokeArgs() - [internal], line ??
Controller::invokeAction() - CORE/Cake/Controller/Controller.php, line 490
Dispatcher::_invoke() - CORE/Cake/Routing/Dispatcher.php, line 185
Dispatcher::dispatch() - CORE/Cake/Routing/Dispatcher.php, line 160
[main] - APP/webroot/index.php, line 108

2014-04-06 10:42:31 Notice: Notice (8): Undefined index: RecordingUrl in [/canvases/cci3c1v/data/axc/app/Controller/UsersController.php, line 109]
Trace:
UsersController::forwarder() - APP/Controller/UsersController.php, line 109
ReflectionMethod::invokeArgs() - [internal], line ??
Controller::invokeAction() - CORE/Cake/Controller/Controller.php, line 490
Dispatcher::_invoke() - CORE/Cake/Routing/Dispatcher.php, line 185
Dispatcher::dispatch() - CORE/Cake/Routing/Dispatcher.php, line 160
[main] - APP/webroot/index.php, line 108

2014-04-06 10:42:31 Notice: Notice (8): Undefined index: User in [/canvases/cci3c1v/data/axc/app/Controller/UsersController.php, line 110]
Trace:
UsersController::forwarder() - APP/Controller/UsersController.php, line 110
ReflectionMethod::invokeArgs() - [internal], line ??
Controller::invokeAction() - CORE/Cake/Controller/Controller.php, line 490
Dispatcher::_invoke() - CORE/Cake/Routing/Dispatcher.php, line 185
Dispatcher::dispatch() - CORE/Cake/Routing/Dispatcher.php, line 160
[main] - APP/webroot/index.php, line 108

2014-04-06 10:42:31 Notice: Notice (8): Undefined index: Department in [/canvases/cci3c1v/data/axc/app/Controller/UsersController.php, line 136]
Trace:
UsersController::forwarder() - APP/Controller/UsersController.php, line 136
ReflectionMethod::invokeArgs() - [internal], line ??
Controller::invokeAction() - CORE/Cake/Controller/Controller.php, line 490
Dispatcher::_invoke() - CORE/Cake/Routing/Dispatcher.php, line 185
Dispatcher::dispatch() - CORE/Cake/Routing/Dispatcher.php, line 160
[main] - APP/webroot/index.php, line 108

2014-04-06 10:42:31 Notice: Notice (8): Undefined offset: 1 in [/canvases/cci3c1v/data/axc/app/Controller/UsersController.php, line 138]
Trace:
UsersController::forwarder() - APP/Controller/UsersController.php, line 138
ReflectionMethod::invokeArgs() - [internal], line ??
Controller::invokeAction() - CORE/Cake/Controller/Controller.php, line 490
Dispatcher::_invoke() - CORE/Cake/Routing/Dispatcher.php, line 185
Dispatcher::dispatch() - CORE/Cake/Routing/Dispatcher.php, line 160
[main] - APP/webroot/index.php, line 108

2014-04-06 10:42:31 Notice: Notice (8): Undefined index: Employee in [/canvases/cci3c1v/data/axc/app/Controller/UsersController.php, line 140]
Trace:
UsersController::forwarder() - APP/Controller/UsersController.php, line 140
ReflectionMethod::invokeArgs() - [internal], line ??
Controller::invokeAction() - CORE/Cake/Controller/Controller.php, line 490
Dispatcher::_invoke() - CORE/Cake/Routing/Dispatcher.php, line 185
Dispatcher::dispatch() - CORE/Cake/Routing/Dispatcher.php, line 160
[main] - APP/webroot/index.php, line 108

2014-04-06 10:44:15 Notice: Notice (8): Undefined index: RecordingUrl in [/canvases/cci3c1v/data/axc/app/Controller/UsersController.php, line 109]
Trace:
UsersController::forwarder() - APP/Controller/UsersController.php, line 109
ReflectionMethod::invokeArgs() - [internal], line ??
Controller::invokeAction() - CORE/Cake/Controller/Controller.php, line 490
Dispatcher::_invoke() - CORE/Cake/Routing/Dispatcher.php, line 185
Dispatcher::dispatch() - CORE/Cake/Routing/Dispatcher.php, line 160
[main] - APP/webroot/index.php, line 108

2014-04-06 10:48:02 Notice: Notice (8): Undefined index: RecordingUrl in [/canvases/cci3c1v/data/axc/app/Controller/UsersController.php, line 109]
Trace:
UsersController::forwarder() - APP/Controller/UsersController.php, line 109
ReflectionMethod::invokeArgs() - [internal], line ??
Controller::invokeAction() - CORE/Cake/Controller/Controller.php, line 490
Dispatcher::_invoke() - CORE/Cake/Routing/Dispatcher.php, line 185
Dispatcher::dispatch() - CORE/Cake/Routing/Dispatcher.php, line 160
[main] - APP/webroot/index.php, line 108

2014-04-06 10:48:57 Notice: Notice (8): Undefined index: RecordingUrl in [/canvases/cci3c1v/data/axc/app/Controller/UsersController.php, line 109]
Trace:
UsersController::forwarder() - APP/Controller/UsersController.php, line 109
ReflectionMethod::invokeArgs() - [internal], line ??
Controller::invokeAction() - CORE/Cake/Controller/Controller.php, line 490
Dispatcher::_invoke() - CORE/Cake/Routing/Dispatcher.php, line 185
Dispatcher::dispatch() - CORE/Cake/Routing/Dispatcher.php, line 160
[main] - APP/webroot/index.php, line 108

2014-04-06 10:51:40 Notice: Notice (8): Undefined index: CalledVia in [/canvases/cci3c1v/data/axc/app/Controller/UsersController.php, line 97]
Trace:
UsersController::forwarder() - APP/Controller/UsersController.php, line 97
ReflectionMethod::invokeArgs() - [internal], line ??
Controller::invokeAction() - CORE/Cake/Controller/Controller.php, line 490
Dispatcher::_invoke() - CORE/Cake/Routing/Dispatcher.php, line 185
Dispatcher::dispatch() - CORE/Cake/Routing/Dispatcher.php, line 160
[main] - APP/webroot/index.php, line 108

2014-04-06 10:51:40 Notice: Notice (8): Undefined index: Digits in [/canvases/cci3c1v/data/axc/app/Controller/UsersController.php, line 105]
Trace:
UsersController::forwarder() - APP/Controller/UsersController.php, line 105
ReflectionMethod::invokeArgs() - [internal], line ??
Controller::invokeAction() - CORE/Cake/Controller/Controller.php, line 490
Dispatcher::_invoke() - CORE/Cake/Routing/Dispatcher.php, line 185
Dispatcher::dispatch() - CORE/Cake/Routing/Dispatcher.php, line 160
[main] - APP/webroot/index.php, line 108

2014-04-06 10:51:40 Notice: Notice (8): Undefined index: RecordingUrl in [/canvases/cci3c1v/data/axc/app/Controller/UsersController.php, line 109]
Trace:
UsersController::forwarder() - APP/Controller/UsersController.php, line 109
ReflectionMethod::invokeArgs() - [internal], line ??
Controller::invokeAction() - CORE/Cake/Controller/Controller.php, line 490
Dispatcher::_invoke() - CORE/Cake/Routing/Dispatcher.php, line 185
Dispatcher::dispatch() - CORE/Cake/Routing/Dispatcher.php, line 160
[main] - APP/webroot/index.php, line 108

2014-04-06 10:51:40 Notice: Notice (8): Undefined index: User in [/canvases/cci3c1v/data/axc/app/Controller/UsersController.php, line 110]
Trace:
UsersController::forwarder() - APP/Controller/UsersController.php, line 110
ReflectionMethod::invokeArgs() - [internal], line ??
Controller::invokeAction() - CORE/Cake/Controller/Controller.php, line 490
Dispatcher::_invoke() - CORE/Cake/Routing/Dispatcher.php, line 185
Dispatcher::dispatch() - CORE/Cake/Routing/Dispatcher.php, line 160
[main] - APP/webroot/index.php, line 108

2014-04-06 10:51:41 Notice: Notice (8): Undefined index: Department in [/canvases/cci3c1v/data/axc/app/Controller/UsersController.php, line 138]
Trace:
UsersController::forwarder() - APP/Controller/UsersController.php, line 138
ReflectionMethod::invokeArgs() - [internal], line ??
Controller::invokeAction() - CORE/Cake/Controller/Controller.php, line 490
Dispatcher::_invoke() - CORE/Cake/Routing/Dispatcher.php, line 185
Dispatcher::dispatch() - CORE/Cake/Routing/Dispatcher.php, line 160
[main] - APP/webroot/index.php, line 108

2014-04-06 10:51:41 Notice: Notice (8): Undefined offset: 1 in [/canvases/cci3c1v/data/axc/app/Controller/UsersController.php, line 140]
Trace:
UsersController::forwarder() - APP/Controller/UsersController.php, line 140
ReflectionMethod::invokeArgs() - [internal], line ??
Controller::invokeAction() - CORE/Cake/Controller/Controller.php, line 490
Dispatcher::_invoke() - CORE/Cake/Routing/Dispatcher.php, line 185
Dispatcher::dispatch() - CORE/Cake/Routing/Dispatcher.php, line 160
[main] - APP/webroot/index.php, line 108

2014-04-06 10:51:41 Notice: Notice (8): Undefined index: Employee in [/canvases/cci3c1v/data/axc/app/Controller/UsersController.php, line 142]
Trace:
UsersController::forwarder() - APP/Controller/UsersController.php, line 142
ReflectionMethod::invokeArgs() - [internal], line ??
Controller::invokeAction() - CORE/Cake/Controller/Controller.php, line 490
Dispatcher::_invoke() - CORE/Cake/Routing/Dispatcher.php, line 185
Dispatcher::dispatch() - CORE/Cake/Routing/Dispatcher.php, line 160
[main] - APP/webroot/index.php, line 108

2014-04-06 10:51:43 Notice: Notice (8): Undefined index: CalledVia in [/canvases/cci3c1v/data/axc/app/Controller/UsersController.php, line 97]
Trace:
UsersController::forwarder() - APP/Controller/UsersController.php, line 97
ReflectionMethod::invokeArgs() - [internal], line ??
Controller::invokeAction() - CORE/Cake/Controller/Controller.php, line 490
Dispatcher::_invoke() - CORE/Cake/Routing/Dispatcher.php, line 185
Dispatcher::dispatch() - CORE/Cake/Routing/Dispatcher.php, line 160
[main] - APP/webroot/index.php, line 108

2014-04-06 10:51:43 Notice: Notice (8): Undefined index: Digits in [/canvases/cci3c1v/data/axc/app/Controller/UsersController.php, line 105]
Trace:
UsersController::forwarder() - APP/Controller/UsersController.php, line 105
ReflectionMethod::invokeArgs() - [internal], line ??
Controller::invokeAction() - CORE/Cake/Controller/Controller.php, line 490
Dispatcher::_invoke() - CORE/Cake/Routing/Dispatcher.php, line 185
Dispatcher::dispatch() - CORE/Cake/Routing/Dispatcher.php, line 160
[main] - APP/webroot/index.php, line 108

2014-04-06 10:51:43 Notice: Notice (8): Undefined index: RecordingUrl in [/canvases/cci3c1v/data/axc/app/Controller/UsersController.php, line 109]
Trace:
UsersController::forwarder() - APP/Controller/UsersController.php, line 109
ReflectionMethod::invokeArgs() - [internal], line ??
Controller::invokeAction() - CORE/Cake/Controller/Controller.php, line 490
Dispatcher::_invoke() - CORE/Cake/Routing/Dispatcher.php, line 185
Dispatcher::dispatch() - CORE/Cake/Routing/Dispatcher.php, line 160
[main] - APP/webroot/index.php, line 108

2014-04-06 10:51:43 Notice: Notice (8): Undefined index: User in [/canvases/cci3c1v/data/axc/app/Controller/UsersController.php, line 110]
Trace:
UsersController::forwarder() - APP/Controller/UsersController.php, line 110
ReflectionMethod::invokeArgs() - [internal], line ??
Controller::invokeAction() - CORE/Cake/Controller/Controller.php, line 490
Dispatcher::_invoke() - CORE/Cake/Routing/Dispatcher.php, line 185
Dispatcher::dispatch() - CORE/Cake/Routing/Dispatcher.php, line 160
[main] - APP/webroot/index.php, line 108

2014-04-06 10:51:44 Notice: Notice (8): Undefined index: Department in [/canvases/cci3c1v/data/axc/app/Controller/UsersController.php, line 138]
Trace:
UsersController::forwarder() - APP/Controller/UsersController.php, line 138
ReflectionMethod::invokeArgs() - [internal], line ??
Controller::invokeAction() - CORE/Cake/Controller/Controller.php, line 490
Dispatcher::_invoke() - CORE/Cake/Routing/Dispatcher.php, line 185
Dispatcher::dispatch() - CORE/Cake/Routing/Dispatcher.php, line 160
[main] - APP/webroot/index.php, line 108

2014-04-06 10:51:44 Notice: Notice (8): Undefined offset: 1 in [/canvases/cci3c1v/data/axc/app/Controller/UsersController.php, line 140]
Trace:
UsersController::forwarder() - APP/Controller/UsersController.php, line 140
ReflectionMethod::invokeArgs() - [internal], line ??
Controller::invokeAction() - CORE/Cake/Controller/Controller.php, line 490
Dispatcher::_invoke() - CORE/Cake/Routing/Dispatcher.php, line 185
Dispatcher::dispatch() - CORE/Cake/Routing/Dispatcher.php, line 160
[main] - APP/webroot/index.php, line 108

2014-04-06 10:51:44 Notice: Notice (8): Undefined index: Employee in [/canvases/cci3c1v/data/axc/app/Controller/UsersController.php, line 142]
Trace:
UsersController::forwarder() - APP/Controller/UsersController.php, line 142
ReflectionMethod::invokeArgs() - [internal], line ??
Controller::invokeAction() - CORE/Cake/Controller/Controller.php, line 490
Dispatcher::_invoke() - CORE/Cake/Routing/Dispatcher.php, line 185
Dispatcher::dispatch() - CORE/Cake/Routing/Dispatcher.php, line 160
[main] - APP/webroot/index.php, line 108

2014-04-06 10:52:27 Notice: Notice (8): Undefined index: CalledVia in [/canvases/cci3c1v/data/axc/app/Controller/UsersController.php, line 97]
Trace:
UsersController::forwarder() - APP/Controller/UsersController.php, line 97
ReflectionMethod::invokeArgs() - [internal], line ??
Controller::invokeAction() - CORE/Cake/Controller/Controller.php, line 490
Dispatcher::_invoke() - CORE/Cake/Routing/Dispatcher.php, line 185
Dispatcher::dispatch() - CORE/Cake/Routing/Dispatcher.php, line 160
[main] - APP/webroot/index.php, line 108

2014-04-06 10:52:27 Notice: Notice (8): Undefined index: Digits in [/canvases/cci3c1v/data/axc/app/Controller/UsersController.php, line 105]
Trace:
UsersController::forwarder() - APP/Controller/UsersController.php, line 105
ReflectionMethod::invokeArgs() - [internal], line ??
Controller::invokeAction() - CORE/Cake/Controller/Controller.php, line 490
Dispatcher::_invoke() - CORE/Cake/Routing/Dispatcher.php, line 185
Dispatcher::dispatch() - CORE/Cake/Routing/Dispatcher.php, line 160
[main] - APP/webroot/index.php, line 108

2014-04-06 10:52:27 Notice: Notice (8): Undefined index: RecordingUrl in [/canvases/cci3c1v/data/axc/app/Controller/UsersController.php, line 109]
Trace:
UsersController::forwarder() - APP/Controller/UsersController.php, line 109
ReflectionMethod::invokeArgs() - [internal], line ??
Controller::invokeAction() - CORE/Cake/Controller/Controller.php, line 490
Dispatcher::_invoke() - CORE/Cake/Routing/Dispatcher.php, line 185
Dispatcher::dispatch() - CORE/Cake/Routing/Dispatcher.php, line 160
[main] - APP/webroot/index.php, line 108

2014-04-06 10:52:27 Notice: Notice (8): Undefined index: User in [/canvases/cci3c1v/data/axc/app/Controller/UsersController.php, line 110]
Trace:
UsersController::forwarder() - APP/Controller/UsersController.php, line 110
ReflectionMethod::invokeArgs() - [internal], line ??
Controller::invokeAction() - CORE/Cake/Controller/Controller.php, line 490
Dispatcher::_invoke() - CORE/Cake/Routing/Dispatcher.php, line 185
Dispatcher::dispatch() - CORE/Cake/Routing/Dispatcher.php, line 160
[main] - APP/webroot/index.php, line 108

2014-04-06 10:52:28 Notice: Notice (8): Undefined index: Department in [/canvases/cci3c1v/data/axc/app/Controller/UsersController.php, line 140]
Trace:
UsersController::forwarder() - APP/Controller/UsersController.php, line 140
ReflectionMethod::invokeArgs() - [internal], line ??
Controller::invokeAction() - CORE/Cake/Controller/Controller.php, line 490
Dispatcher::_invoke() - CORE/Cake/Routing/Dispatcher.php, line 185
Dispatcher::dispatch() - CORE/Cake/Routing/Dispatcher.php, line 160
[main] - APP/webroot/index.php, line 108

2014-04-06 10:52:28 Notice: Notice (8): Undefined offset: 1 in [/canvases/cci3c1v/data/axc/app/Controller/UsersController.php, line 142]
Trace:
UsersController::forwarder() - APP/Controller/UsersController.php, line 142
ReflectionMethod::invokeArgs() - [internal], line ??
Controller::invokeAction() - CORE/Cake/Controller/Controller.php, line 490
Dispatcher::_invoke() - CORE/Cake/Routing/Dispatcher.php, line 185
Dispatcher::dispatch() - CORE/Cake/Routing/Dispatcher.php, line 160
[main] - APP/webroot/index.php, line 108

2014-04-06 10:52:28 Notice: Notice (8): Undefined index: Employee in [/canvases/cci3c1v/data/axc/app/Controller/UsersController.php, line 144]
Trace:
UsersController::forwarder() - APP/Controller/UsersController.php, line 144
ReflectionMethod::invokeArgs() - [internal], line ??
Controller::invokeAction() - CORE/Cake/Controller/Controller.php, line 490
Dispatcher::_invoke() - CORE/Cake/Routing/Dispatcher.php, line 185
Dispatcher::dispatch() - CORE/Cake/Routing/Dispatcher.php, line 160
[main] - APP/webroot/index.php, line 108

2014-04-06 10:53:14 Notice: Notice (8): Undefined index: CalledVia in [/canvases/cci3c1v/data/axc/app/Controller/UsersController.php, line 97]
Trace:
UsersController::forwarder() - APP/Controller/UsersController.php, line 97
ReflectionMethod::invokeArgs() - [internal], line ??
Controller::invokeAction() - CORE/Cake/Controller/Controller.php, line 490
Dispatcher::_invoke() - CORE/Cake/Routing/Dispatcher.php, line 185
Dispatcher::dispatch() - CORE/Cake/Routing/Dispatcher.php, line 160
[main] - APP/webroot/index.php, line 108

2014-04-06 10:53:14 Notice: Notice (8): Undefined index: Digits in [/canvases/cci3c1v/data/axc/app/Controller/UsersController.php, line 105]
Trace:
UsersController::forwarder() - APP/Controller/UsersController.php, line 105
ReflectionMethod::invokeArgs() - [internal], line ??
Controller::invokeAction() - CORE/Cake/Controller/Controller.php, line 490
Dispatcher::_invoke() - CORE/Cake/Routing/Dispatcher.php, line 185
Dispatcher::dispatch() - CORE/Cake/Routing/Dispatcher.php, line 160
[main] - APP/webroot/index.php, line 108

2014-04-06 10:53:14 Notice: Notice (8): Undefined index: User in [/canvases/cci3c1v/data/axc/app/Controller/UsersController.php, line 109]
Trace:
UsersController::forwarder() - APP/Controller/UsersController.php, line 109
ReflectionMethod::invokeArgs() - [internal], line ??
Controller::invokeAction() - CORE/Cake/Controller/Controller.php, line 490
Dispatcher::_invoke() - CORE/Cake/Routing/Dispatcher.php, line 185
Dispatcher::dispatch() - CORE/Cake/Routing/Dispatcher.php, line 160
[main] - APP/webroot/index.php, line 108

2014-04-06 10:53:14 Notice: Notice (8): Undefined index: RecordingUrl in [/canvases/cci3c1v/data/axc/app/Controller/UsersController.php, line 130]
Trace:
UsersController::forwarder() - APP/Controller/UsersController.php, line 130
ReflectionMethod::invokeArgs() - [internal], line ??
Controller::invokeAction() - CORE/Cake/Controller/Controller.php, line 490
Dispatcher::_invoke() - CORE/Cake/Routing/Dispatcher.php, line 185
Dispatcher::dispatch() - CORE/Cake/Routing/Dispatcher.php, line 160
[main] - APP/webroot/index.php, line 108

2014-04-06 10:53:15 Notice: Notice (8): Undefined index: Department in [/canvases/cci3c1v/data/axc/app/Controller/UsersController.php, line 140]
Trace:
UsersController::forwarder() - APP/Controller/UsersController.php, line 140
ReflectionMethod::invokeArgs() - [internal], line ??
Controller::invokeAction() - CORE/Cake/Controller/Controller.php, line 490
Dispatcher::_invoke() - CORE/Cake/Routing/Dispatcher.php, line 185
Dispatcher::dispatch() - CORE/Cake/Routing/Dispatcher.php, line 160
[main] - APP/webroot/index.php, line 108

2014-04-06 10:53:15 Notice: Notice (8): Undefined offset: 1 in [/canvases/cci3c1v/data/axc/app/Controller/UsersController.php, line 142]
Trace:
UsersController::forwarder() - APP/Controller/UsersController.php, line 142
ReflectionMethod::invokeArgs() - [internal], line ??
Controller::invokeAction() - CORE/Cake/Controller/Controller.php, line 490
Dispatcher::_invoke() - CORE/Cake/Routing/Dispatcher.php, line 185
Dispatcher::dispatch() - CORE/Cake/Routing/Dispatcher.php, line 160
[main] - APP/webroot/index.php, line 108

2014-04-06 10:53:15 Notice: Notice (8): Undefined index: Employee in [/canvases/cci3c1v/data/axc/app/Controller/UsersController.php, line 144]
Trace:
UsersController::forwarder() - APP/Controller/UsersController.php, line 144
ReflectionMethod::invokeArgs() - [internal], line ??
Controller::invokeAction() - CORE/Cake/Controller/Controller.php, line 490
Dispatcher::_invoke() - CORE/Cake/Routing/Dispatcher.php, line 185
Dispatcher::dispatch() - CORE/Cake/Routing/Dispatcher.php, line 160
[main] - APP/webroot/index.php, line 108

2014-04-06 10:54:32 Notice: Notice (8): Undefined index: Digits in [/canvases/cci3c1v/data/axc/app/Controller/UsersController.php, line 106]
Trace:
UsersController::forwarder() - APP/Controller/UsersController.php, line 106
ReflectionMethod::invokeArgs() - [internal], line ??
Controller::invokeAction() - CORE/Cake/Controller/Controller.php, line 490
Dispatcher::_invoke() - CORE/Cake/Routing/Dispatcher.php, line 185
Dispatcher::dispatch() - CORE/Cake/Routing/Dispatcher.php, line 160
[main] - APP/webroot/index.php, line 108

2014-04-06 10:54:36 Notice: Notice (8): Undefined index: Digits in [/canvases/cci3c1v/data/axc/app/Controller/UsersController.php, line 106]
Trace:
UsersController::forwarder() - APP/Controller/UsersController.php, line 106
ReflectionMethod::invokeArgs() - [internal], line ??
Controller::invokeAction() - CORE/Cake/Controller/Controller.php, line 490
Dispatcher::_invoke() - CORE/Cake/Routing/Dispatcher.php, line 185
Dispatcher::dispatch() - CORE/Cake/Routing/Dispatcher.php, line 160
[main] - APP/webroot/index.php, line 108

2014-04-06 10:59:11 Notice: Notice (8): Undefined index: CalledVia in [/canvases/cci3c1v/data/axc/app/Controller/UsersController.php, line 97]
Trace:
UsersController::forwarder() - APP/Controller/UsersController.php, line 97
ReflectionMethod::invokeArgs() - [internal], line ??
Controller::invokeAction() - CORE/Cake/Controller/Controller.php, line 490
Dispatcher::_invoke() - CORE/Cake/Routing/Dispatcher.php, line 185
Dispatcher::dispatch() - CORE/Cake/Routing/Dispatcher.php, line 160
[main] - APP/webroot/index.php, line 108

2014-04-06 11:14:24 Notice: Notice (8): Undefined index: phoneno in [/canvases/cci3c1v/data/axc/app/Controller/UsersController.php, line 122]
Trace:
UsersController::forwarder() - APP/Controller/UsersController.php, line 122
ReflectionMethod::invokeArgs() - [internal], line ??
Controller::invokeAction() - CORE/Cake/Controller/Controller.php, line 490
Dispatcher::_invoke() - CORE/Cake/Routing/Dispatcher.php, line 185
Dispatcher::dispatch() - CORE/Cake/Routing/Dispatcher.php, line 160
[main] - APP/webroot/index.php, line 108

2014-04-06 13:05:19 Notice: Notice (8): Undefined index: Employee in [/canvases/cci3c1v/data/axc/app/Controller/UsersController.php, line 119]
Trace:
UsersController::forwarder() - APP/Controller/UsersController.php, line 119
ReflectionMethod::invokeArgs() - [internal], line ??
Controller::invokeAction() - CORE/Cake/Controller/Controller.php, line 490
Dispatcher::_invoke() - CORE/Cake/Routing/Dispatcher.php, line 185
Dispatcher::dispatch() - CORE/Cake/Routing/Dispatcher.php, line 160
[main] - APP/webroot/index.php, line 108

2014-04-06 13:05:19 Notice: Notice (8): Undefined index:  in [/canvases/cci3c1v/data/axc/app/Controller/UsersController.php, line 119]
Trace:
UsersController::forwarder() - APP/Controller/UsersController.php, line 119
ReflectionMethod::invokeArgs() - [internal], line ??
Controller::invokeAction() - CORE/Cake/Controller/Controller.php, line 490
Dispatcher::_invoke() - CORE/Cake/Routing/Dispatcher.php, line 185
Dispatcher::dispatch() - CORE/Cake/Routing/Dispatcher.php, line 160
[main] - APP/webroot/index.php, line 108

2014-04-06 13:05:19 Notice: Notice (8): Undefined index: Employee in [/canvases/cci3c1v/data/axc/app/Controller/UsersController.php, line 120]
Trace:
UsersController::forwarder() - APP/Controller/UsersController.php, line 120
ReflectionMethod::invokeArgs() - [internal], line ??
Controller::invokeAction() - CORE/Cake/Controller/Controller.php, line 490
Dispatcher::_invoke() - CORE/Cake/Routing/Dispatcher.php, line 185
Dispatcher::dispatch() - CORE/Cake/Routing/Dispatcher.php, line 160
[main] - APP/webroot/index.php, line 108

2014-04-06 13:05:19 Notice: Notice (8): Undefined index: Employee in [/canvases/cci3c1v/data/axc/app/Controller/UsersController.php, line 122]
Trace:
UsersController::forwarder() - APP/Controller/UsersController.php, line 122
ReflectionMethod::invokeArgs() - [internal], line ??
Controller::invokeAction() - CORE/Cake/Controller/Controller.php, line 490
Dispatcher::_invoke() - CORE/Cake/Routing/Dispatcher.php, line 185
Dispatcher::dispatch() - CORE/Cake/Routing/Dispatcher.php, line 160
[main] - APP/webroot/index.php, line 108

2014-04-06 13:06:32 Notice: Notice (8): Undefined index: Employee in [/canvases/cci3c1v/data/axc/app/Controller/UsersController.php, line 119]
Trace:
UsersController::forwarder() - APP/Controller/UsersController.php, line 119
ReflectionMethod::invokeArgs() - [internal], line ??
Controller::invokeAction() - CORE/Cake/Controller/Controller.php, line 490
Dispatcher::_invoke() - CORE/Cake/Routing/Dispatcher.php, line 185
Dispatcher::dispatch() - CORE/Cake/Routing/Dispatcher.php, line 160
[main] - APP/webroot/index.php, line 108

2014-04-06 13:06:32 Notice: Notice (8): Undefined index:  in [/canvases/cci3c1v/data/axc/app/Controller/UsersController.php, line 119]
Trace:
UsersController::forwarder() - APP/Controller/UsersController.php, line 119
ReflectionMethod::invokeArgs() - [internal], line ??
Controller::invokeAction() - CORE/Cake/Controller/Controller.php, line 490
Dispatcher::_invoke() - CORE/Cake/Routing/Dispatcher.php, line 185
Dispatcher::dispatch() - CORE/Cake/Routing/Dispatcher.php, line 160
[main] - APP/webroot/index.php, line 108

2014-04-06 13:06:32 Notice: Notice (8): Undefined index: Employee in [/canvases/cci3c1v/data/axc/app/Controller/UsersController.php, line 120]
Trace:
UsersController::forwarder() - APP/Controller/UsersController.php, line 120
ReflectionMethod::invokeArgs() - [internal], line ??
Controller::invokeAction() - CORE/Cake/Controller/Controller.php, line 490
Dispatcher::_invoke() - CORE/Cake/Routing/Dispatcher.php, line 185
Dispatcher::dispatch() - CORE/Cake/Routing/Dispatcher.php, line 160
[main] - APP/webroot/index.php, line 108

2014-04-06 13:06:32 Notice: Notice (8): Undefined index: Employee in [/canvases/cci3c1v/data/axc/app/Controller/UsersController.php, line 122]
Trace:
UsersController::forwarder() - APP/Controller/UsersController.php, line 122
ReflectionMethod::invokeArgs() - [internal], line ??
Controller::invokeAction() - CORE/Cake/Controller/Controller.php, line 490
Dispatcher::_invoke() - CORE/Cake/Routing/Dispatcher.php, line 185
Dispatcher::dispatch() - CORE/Cake/Routing/Dispatcher.php, line 160
[main] - APP/webroot/index.php, line 108

2014-04-06 15:03:01 Notice: Notice (8): Undefined index: Employee in [/canvases/cci3c1v/data/axc/app/Controller/UsersController.php, line 140]
Trace:
UsersController::forwarder() - APP/Controller/UsersController.php, line 140
ReflectionMethod::invokeArgs() - [internal], line ??
Controller::invokeAction() - CORE/Cake/Controller/Controller.php, line 490
Dispatcher::_invoke() - CORE/Cake/Routing/Dispatcher.php, line 185
Dispatcher::dispatch() - CORE/Cake/Routing/Dispatcher.php, line 160
[main] - APP/webroot/index.php, line 108

2014-04-06 15:03:01 Notice: Notice (8): Undefined index: Employee in [/canvases/cci3c1v/data/axc/app/Controller/UsersController.php, line 141]
Trace:
UsersController::forwarder() - APP/Controller/UsersController.php, line 141
ReflectionMethod::invokeArgs() - [internal], line ??
Controller::invokeAction() - CORE/Cake/Controller/Controller.php, line 490
Dispatcher::_invoke() - CORE/Cake/Routing/Dispatcher.php, line 185
Dispatcher::dispatch() - CORE/Cake/Routing/Dispatcher.php, line 160
[main] - APP/webroot/index.php, line 108

2014-04-06 15:03:52 Notice: Notice (8): Undefined index: Employee in [/canvases/cci3c1v/data/axc/app/Controller/UsersController.php, line 140]
Trace:
UsersController::forwarder() - APP/Controller/UsersController.php, line 140
ReflectionMethod::invokeArgs() - [internal], line ??
Controller::invokeAction() - CORE/Cake/Controller/Controller.php, line 490
Dispatcher::_invoke() - CORE/Cake/Routing/Dispatcher.php, line 185
Dispatcher::dispatch() - CORE/Cake/Routing/Dispatcher.php, line 160
[main] - APP/webroot/index.php, line 108

2014-04-06 15:03:52 Notice: Notice (8): Undefined index: Employee in [/canvases/cci3c1v/data/axc/app/Controller/UsersController.php, line 141]
Trace:
UsersController::forwarder() - APP/Controller/UsersController.php, line 141
ReflectionMethod::invokeArgs() - [internal], line ??
Controller::invokeAction() - CORE/Cake/Controller/Controller.php, line 490
Dispatcher::_invoke() - CORE/Cake/Routing/Dispatcher.php, line 185
Dispatcher::dispatch() - CORE/Cake/Routing/Dispatcher.php, line 160
[main] - APP/webroot/index.php, line 108

2014-04-06 15:04:36 Notice: Notice (8): Undefined index: Department in [/canvases/cci3c1v/data/axc/app/Controller/UsersController.php, line 136]
Trace:
UsersController::forwarder() - APP/Controller/UsersController.php, line 136
ReflectionMethod::invokeArgs() - [internal], line ??
Controller::invokeAction() - CORE/Cake/Controller/Controller.php, line 490
Dispatcher::_invoke() - CORE/Cake/Routing/Dispatcher.php, line 185
Dispatcher::dispatch() - CORE/Cake/Routing/Dispatcher.php, line 160
[main] - APP/webroot/index.php, line 108

2014-04-06 15:04:36 Notice: Notice (8): Undefined offset: 1 in [/canvases/cci3c1v/data/axc/app/Controller/UsersController.php, line 138]
Trace:
UsersController::forwarder() - APP/Controller/UsersController.php, line 138
ReflectionMethod::invokeArgs() - [internal], line ??
Controller::invokeAction() - CORE/Cake/Controller/Controller.php, line 490
Dispatcher::_invoke() - CORE/Cake/Routing/Dispatcher.php, line 185
Dispatcher::dispatch() - CORE/Cake/Routing/Dispatcher.php, line 160
[main] - APP/webroot/index.php, line 108

2014-04-06 15:04:36 Notice: Notice (8): Undefined index: Employee in [/canvases/cci3c1v/data/axc/app/Controller/UsersController.php, line 140]
Trace:
UsersController::forwarder() - APP/Controller/UsersController.php, line 140
ReflectionMethod::invokeArgs() - [internal], line ??
Controller::invokeAction() - CORE/Cake/Controller/Controller.php, line 490
Dispatcher::_invoke() - CORE/Cake/Routing/Dispatcher.php, line 185
Dispatcher::dispatch() - CORE/Cake/Routing/Dispatcher.php, line 160
[main] - APP/webroot/index.php, line 108

2014-04-06 15:04:36 Notice: Notice (8): Undefined index: Employee in [/canvases/cci3c1v/data/axc/app/Controller/UsersController.php, line 141]
Trace:
UsersController::forwarder() - APP/Controller/UsersController.php, line 141
ReflectionMethod::invokeArgs() - [internal], line ??
Controller::invokeAction() - CORE/Cake/Controller/Controller.php, line 490
Dispatcher::_invoke() - CORE/Cake/Routing/Dispatcher.php, line 185
Dispatcher::dispatch() - CORE/Cake/Routing/Dispatcher.php, line 160
[main] - APP/webroot/index.php, line 108

2014-04-06 15:07:44 Notice: Notice (8): Undefined index: Employee in [/canvases/cci3c1v/data/axc/app/Controller/UsersController.php, line 140]
Trace:
UsersController::forwarder() - APP/Controller/UsersController.php, line 140
ReflectionMethod::invokeArgs() - [internal], line ??
Controller::invokeAction() - CORE/Cake/Controller/Controller.php, line 490
Dispatcher::_invoke() - CORE/Cake/Routing/Dispatcher.php, line 185
Dispatcher::dispatch() - CORE/Cake/Routing/Dispatcher.php, line 160
[main] - APP/webroot/index.php, line 108

2014-04-06 15:07:44 Notice: Notice (8): Undefined index: Employee in [/canvases/cci3c1v/data/axc/app/Controller/UsersController.php, line 141]
Trace:
UsersController::forwarder() - APP/Controller/UsersController.php, line 141
ReflectionMethod::invokeArgs() - [internal], line ??
Controller::invokeAction() - CORE/Cake/Controller/Controller.php, line 490
Dispatcher::_invoke() - CORE/Cake/Routing/Dispatcher.php, line 185
Dispatcher::dispatch() - CORE/Cake/Routing/Dispatcher.php, line 160
[main] - APP/webroot/index.php, line 108

2014-04-06 16:42:36 Notice: Notice (8): Undefined index: Employee in [/canvases/cci3c1v/data/axc/app/Controller/UsersController.php, line 140]
Trace:
UsersController::forwarder() - APP/Controller/UsersController.php, line 140
ReflectionMethod::invokeArgs() - [internal], line ??
Controller::invokeAction() - CORE/Cake/Controller/Controller.php, line 490
Dispatcher::_invoke() - CORE/Cake/Routing/Dispatcher.php, line 185
Dispatcher::dispatch() - CORE/Cake/Routing/Dispatcher.php, line 160
[main] - APP/webroot/index.php, line 108

2014-04-06 16:42:36 Notice: Notice (8): Undefined index: Employee in [/canvases/cci3c1v/data/axc/app/Controller/UsersController.php, line 141]
Trace:
UsersController::forwarder() - APP/Controller/UsersController.php, line 141
ReflectionMethod::invokeArgs() - [internal], line ??
Controller::invokeAction() - CORE/Cake/Controller/Controller.php, line 490
Dispatcher::_invoke() - CORE/Cake/Routing/Dispatcher.php, line 185
Dispatcher::dispatch() - CORE/Cake/Routing/Dispatcher.php, line 160
[main] - APP/webroot/index.php, line 108

